# JRE version: OpenJDK Runtime Environment Temurin-21.0.8+9 (21.0.8+9) (build 21.0.8+9-LTS)
# Java VM: OpenJDK 64-Bit Server VM Temurin-21.0.8+9 (21.0.8+9-LTS, mixed mode, sharing, tiered, compressed oops, compressed class ptrs, parallel gc, windows-amd64)
GC Precious Log:
 CardTable entry size: 512
 CPUs: 12 total, 12 available
 Memory: 15710M
 Large Page Support: Disabled
 NUMA Support: Disabled
 Compressed Oops: Enabled (32-bit)
 Alignments: Space 512K, Generation 512K, Heap 2M
 Heap Min Capacity: 100M
 Heap Initial Capacity: 100M
 Heap Max Capacity: 2G
 Pre-touch: Disabled
 Parallel Workers: 10
Heap:
 PSYoungGen      total 9216K, used 7492K [0x00000000d5580000, 0x00000000d6280000, 0x0000000100000000)
  eden space 8192K, 81% used [0x00000000d5580000,0x00000000d5c01110,0x00000000d5d80000)
  from space 1024K, 81% used [0x00000000d6180000,0x00000000d6250000,0x00000000d6280000)
  to   space 2048K, 0% used [0x00000000d5e80000,0x00000000d5e80000,0x00000000d6080000)
 ParOldGen       total 163840K, used 163654K [0x0000000080000000, 0x000000008a000000, 0x00000000d5580000)
  object space 163840K, 99% used [0x0000000080000000,0x0000000089fd19b8,0x000000008a000000)
 Metaspace       used 71844K, committed 73472K, reserved 1114112K
  class space    used 7585K, committed 8320K, reserved 1048576K
GC Heap History (20 events):
Event: 1130.418 GC heap before
{Heap before GC invocations=104 (full 3):
 PSYoungGen      total 8704K, used 8384K [0x00000000d5580000, 0x00000000d6200000, 0x0000000100000000)
  eden space 8192K, 100% used [0x00000000d5580000,0x00000000d5d80000,0x00000000d5d80000)
  from space 512K, 37% used [0x00000000d6180000,0x00000000d61b0000,0x00000000d6200000)
  to   space 512K, 0% used [0x00000000d6100000,0x00000000d6100000,0x00000000d6180000)
 ParOldGen       total 158208K, used 157739K [0x0000000080000000, 0x0000000089a80000, 0x00000000d5580000)
  object space 158208K, 99% used [0x0000000080000000,0x0000000089a0afb8,0x0000000089a80000)
 Metaspace       used 71289K, committed 72896K, reserved 1114112K
  class space    used 7557K, committed 8256K, reserved 1048576K
}
Event: 1130.419 GC heap after
{Heap after GC invocations=104 (full 3):
 PSYoungGen      total 8704K, used 320K [0x00000000d5580000, 0x00000000d6200000, 0x0000000100000000)
  eden space 8192K, 0% used [0x00000000d5580000,0x00000000d5580000,0x00000000d5d80000)
  from space 512K, 62% used [0x00000000d6100000,0x00000000d6150020,0x00000000d6180000)
  to   space 512K, 0% used [0x00000000d6180000,0x00000000d6180000,0x00000000d6200000)
 ParOldGen       total 158208K, used 157739K [0x0000000080000000, 0x0000000089a80000, 0x00000000d5580000)
  object space 158208K, 99% used [0x0000000080000000,0x0000000089a0afb8,0x0000000089a80000)
 Metaspace       used 71289K, committed 72896K, reserved 1114112K
  class space    used 7557K, committed 8256K, reserved 1048576K
}
Event: 1130.522 GC heap before
{Heap before GC invocations=105 (full 3):
 PSYoungGen      total 8704K, used 8503K [0x00000000d5580000, 0x00000000d6200000, 0x0000000100000000)
  eden space 8192K, 99% used [0x00000000d5580000,0x00000000d5d7de30,0x00000000d5d80000)
  from space 512K, 62% used [0x00000000d6100000,0x00000000d6150020,0x00000000d6180000)
  to   space 512K, 0% used [0x00000000d6180000,0x00000000d6180000,0x00000000d6200000)
 ParOldGen       total 158208K, used 157739K [0x0000000080000000, 0x0000000089a80000, 0x00000000d5580000)
  object space 158208K, 99% used [0x0000000080000000,0x0000000089a0afb8,0x0000000089a80000)
 Metaspace       used 71297K, committed 72960K, reserved 1114112K
  class space    used 7557K, committed 8256K, reserved 1048576K
}
Event: 1130.524 GC heap after
{Heap after GC invocations=105 (full 3):
 PSYoungGen      total 8704K, used 507K [0x00000000d5580000, 0x00000000d6380000, 0x0000000100000000)
  eden space 8192K, 0% used [0x00000000d5580000,0x00000000d5580000,0x00000000d5d80000)
  from space 512K, 99% used [0x00000000d6180000,0x00000000d61fefc8,0x00000000d6200000)
  to   space 3072K, 0% used [0x00000000d5d80000,0x00000000d5d80000,0x00000000d6080000)
 ParOldGen       total 160256K, used 159866K [0x0000000080000000, 0x0000000089c80000, 0x00000000d5580000)
  object space 160256K, 99% used [0x0000000080000000,0x0000000089c1ebc0,0x0000000089c80000)
 Metaspace       used 71297K, committed 72960K, reserved 1114112K
  class space    used 7557K, committed 8256K, reserved 1048576K
}
Event: 1130.612 GC heap before
{Heap before GC invocations=106 (full 3):
 PSYoungGen      total 8704K, used 8673K [0x00000000d5580000, 0x00000000d6380000, 0x0000000100000000)
  eden space 8192K, 99% used [0x00000000d5580000,0x00000000d5d79440,0x00000000d5d80000)
  from space 512K, 99% used [0x00000000d6180000,0x00000000d61fefc8,0x00000000d6200000)
  to   space 3072K, 0% used [0x00000000d5d80000,0x00000000d5d80000,0x00000000d6080000)
 ParOldGen       total 160256K, used 159866K [0x0000000080000000, 0x0000000089c80000, 0x00000000d5580000)
  object space 160256K, 99% used [0x0000000080000000,0x0000000089c1ebc0,0x0000000089c80000)
 Metaspace       used 71464K, committed 73088K, reserved 1114112K
  class space    used 7564K, committed 8256K, reserved 1048576K
}
Event: 1130.614 GC heap after
{Heap after GC invocations=106 (full 3):
 PSYoungGen      total 11264K, used 726K [0x00000000d5580000, 0x00000000d6200000, 0x0000000100000000)
  eden space 8192K, 0% used [0x00000000d5580000,0x00000000d5580000,0x00000000d5d80000)
  from space 3072K, 23% used [0x00000000d5d80000,0x00000000d5e35928,0x00000000d6080000)
  to   space 1536K, 0% used [0x00000000d6080000,0x00000000d6080000,0x00000000d6200000)
 ParOldGen       total 160256K, used 159954K [0x0000000080000000, 0x0000000089c80000, 0x00000000d5580000)
  object space 160256K, 99% used [0x0000000080000000,0x0000000089c34bc0,0x0000000089c80000)
 Metaspace       used 71464K, committed 73088K, reserved 1114112K
  class space    used 7564K, committed 8256K, reserved 1048576K
}
Event: 1143.057 GC heap before
{Heap before GC invocations=107 (full 3):
 PSYoungGen      total 11264K, used 8918K [0x00000000d5580000, 0x00000000d6200000, 0x0000000100000000)
  eden space 8192K, 100% used [0x00000000d5580000,0x00000000d5d80000,0x00000000d5d80000)
  from space 3072K, 23% used [0x00000000d5d80000,0x00000000d5e35928,0x00000000d6080000)
  to   space 1536K, 0% used [0x00000000d6080000,0x00000000d6080000,0x00000000d6200000)
 ParOldGen       total 160256K, used 159954K [0x0000000080000000, 0x0000000089c80000, 0x00000000d5580000)
  object space 160256K, 99% used [0x0000000080000000,0x0000000089c34bc0,0x0000000089c80000)
 Metaspace       used 71500K, committed 73088K, reserved 1114112K
  class space    used 7564K, committed 8256K, reserved 1048576K
}
Event: 1143.058 GC heap after
{Heap after GC invocations=107 (full 3):
 PSYoungGen      total 8704K, used 256K [0x00000000d5580000, 0x00000000d6100000, 0x0000000100000000)
  eden space 8192K, 0% used [0x00000000d5580000,0x00000000d5580000,0x00000000d5d80000)
  from space 512K, 50% used [0x00000000d6080000,0x00000000d60c0000,0x00000000d6100000)
  to   space 1024K, 0% used [0x00000000d5f00000,0x00000000d5f00000,0x00000000d6000000)
 ParOldGen       total 160768K, used 160576K [0x0000000080000000, 0x0000000089d00000, 0x00000000d5580000)
  object space 160768K, 99% used [0x0000000080000000,0x0000000089cd0288,0x0000000089d00000)
 Metaspace       used 71500K, committed 73088K, reserved 1114112K
  class space    used 7564K, committed 8256K, reserved 1048576K
}
Event: 1197.930 GC heap before
{Heap before GC invocations=108 (full 3):
 PSYoungGen      total 8704K, used 8448K [0x00000000d5580000, 0x00000000d6100000, 0x0000000100000000)
  eden space 8192K, 100% used [0x00000000d5580000,0x00000000d5d80000,0x00000000d5d80000)
  from space 512K, 50% used [0x00000000d6080000,0x00000000d60c0000,0x00000000d6100000)
  to   space 1024K, 0% used [0x00000000d5f00000,0x00000000d5f00000,0x00000000d6000000)
 ParOldGen       total 160768K, used 160576K [0x0000000080000000, 0x0000000089d00000, 0x00000000d5580000)
  object space 160768K, 99% used [0x0000000080000000,0x0000000089cd0288,0x0000000089d00000)
 Metaspace       used 71550K, committed 73152K, reserved 1114112K
  class space    used 7568K, committed 8256K, reserved 1048576K
}
Event: 1197.932 GC heap after
{Heap after GC invocations=108 (full 3):
 PSYoungGen      total 9216K, used 448K [0x00000000d5580000, 0x00000000d6100000, 0x0000000100000000)
  eden space 8192K, 0% used [0x00000000d5580000,0x00000000d5580000,0x00000000d5d80000)
  from space 1024K, 43% used [0x00000000d5f00000,0x00000000d5f70000,0x00000000d6000000)
  to   space 512K, 0% used [0x00000000d6080000,0x00000000d6080000,0x00000000d6100000)
 ParOldGen       total 160768K, used 160632K [0x0000000080000000, 0x0000000089d00000, 0x00000000d5580000)
  object space 160768K, 99% used [0x0000000080000000,0x0000000089cde298,0x0000000089d00000)
 Metaspace       used 71550K, committed 73152K, reserved 1114112K
  class space    used 7568K, committed 8256K, reserved 1048576K
}
Event: 1202.991 GC heap before
{Heap before GC invocations=109 (full 3):
 PSYoungGen      total 9216K, used 8640K [0x00000000d5580000, 0x00000000d6100000, 0x0000000100000000)
  eden space 8192K, 100% used [0x00000000d5580000,0x00000000d5d80000,0x00000000d5d80000)
  from space 1024K, 43% used [0x00000000d5f00000,0x00000000d5f70000,0x00000000d6000000)
  to   space 512K, 0% used [0x00000000d6080000,0x00000000d6080000,0x00000000d6100000)
 ParOldGen       total 160768K, used 160632K [0x0000000080000000, 0x0000000089d00000, 0x00000000d5580000)
  object space 160768K, 99% used [0x0000000080000000,0x0000000089cde298,0x0000000089d00000)
 Metaspace       used 71600K, committed 73280K, reserved 1114112K
  class space    used 7573K, committed 8320K, reserved 1048576K
}
Event: 1202.992 GC heap after
{Heap after GC invocations=109 (full 3):
 PSYoungGen      total 8704K, used 256K [0x00000000d5580000, 0x00000000d6100000, 0x0000000100000000)
  eden space 8192K, 0% used [0x00000000d5580000,0x00000000d5580000,0x00000000d5d80000)
  from space 512K, 50% used [0x00000000d6080000,0x00000000d60c0000,0x00000000d6100000)
  to   space 512K, 0% used [0x00000000d6000000,0x00000000d6000000,0x00000000d6080000)
 ParOldGen       total 160768K, used 160696K [0x0000000080000000, 0x0000000089d00000, 0x00000000d5580000)
  object space 160768K, 99% used [0x0000000080000000,0x0000000089cee298,0x0000000089d00000)
 Metaspace       used 71600K, committed 73280K, reserved 1114112K
  class space    used 7573K, committed 8320K, reserved 1048576K
}
Event: 1276.404 GC heap before
{Heap before GC invocations=110 (full 3):
 PSYoungGen      total 8704K, used 8448K [0x00000000d5580000, 0x00000000d6100000, 0x0000000100000000)
  eden space 8192K, 100% used [0x00000000d5580000,0x00000000d5d80000,0x00000000d5d80000)
  from space 512K, 50% used [0x00000000d6080000,0x00000000d60c0000,0x00000000d6100000)
  to   space 512K, 0% used [0x00000000d6000000,0x00000000d6000000,0x00000000d6080000)
 ParOldGen       total 160768K, used 160696K [0x0000000080000000, 0x0000000089d00000, 0x00000000d5580000)
  object space 160768K, 99% used [0x0000000080000000,0x0000000089cee298,0x0000000089d00000)
 Metaspace       used 71604K, committed 73280K, reserved 1114112K
  class space    used 7573K, committed 8320K, reserved 1048576K
}
Event: 1276.405 GC heap after
{Heap after GC invocations=110 (full 3):
 PSYoungGen      total 8704K, used 224K [0x00000000d5580000, 0x00000000d6100000, 0x0000000100000000)
  eden space 8192K, 0% used [0x00000000d5580000,0x00000000d5580000,0x00000000d5d80000)
  from space 512K, 43% used [0x00000000d6000000,0x00000000d6038000,0x00000000d6080000)
  to   space 512K, 0% used [0x00000000d6080000,0x00000000d6080000,0x00000000d6100000)
 ParOldGen       total 160768K, used 160752K [0x0000000080000000, 0x0000000089d00000, 0x00000000d5580000)
  object space 160768K, 99% used [0x0000000080000000,0x0000000089cfc298,0x0000000089d00000)
 Metaspace       used 71604K, committed 73280K, reserved 1114112K
  class space    used 7573K, committed 8320K, reserved 1048576K
}
Event: 5349.678 GC heap before
{Heap before GC invocations=111 (full 3):
 PSYoungGen      total 8704K, used 8416K [0x00000000d5580000, 0x00000000d6100000, 0x0000000100000000)
  eden space 8192K, 100% used [0x00000000d5580000,0x00000000d5d80000,0x00000000d5d80000)
  from space 512K, 43% used [0x00000000d6000000,0x00000000d6038000,0x00000000d6080000)
  to   space 512K, 0% used [0x00000000d6080000,0x00000000d6080000,0x00000000d6100000)
 ParOldGen       total 160768K, used 160752K [0x0000000080000000, 0x0000000089d00000, 0x00000000d5580000)
  object space 160768K, 99% used [0x0000000080000000,0x0000000089cfc298,0x0000000089d00000)
 Metaspace       used 71661K, committed 73344K, reserved 1114112K
  class space    used 7573K, committed 8320K, reserved 1048576K
}
Event: 5349.689 GC heap after
{Heap after GC invocations=111 (full 3):
 PSYoungGen      total 8704K, used 352K [0x00000000d5580000, 0x00000000d6100000, 0x0000000100000000)
  eden space 8192K, 0% used [0x00000000d5580000,0x00000000d5580000,0x00000000d5d80000)
  from space 512K, 68% used [0x00000000d6080000,0x00000000d60d8020,0x00000000d6100000)
  to   space 512K, 0% used [0x00000000d6000000,0x00000000d6000000,0x00000000d6080000)
 ParOldGen       total 161280K, used 160792K [0x0000000080000000, 0x0000000089d80000, 0x00000000d5580000)
  object space 161280K, 99% used [0x0000000080000000,0x0000000089d06298,0x0000000089d80000)
 Metaspace       used 71661K, committed 73344K, reserved 1114112K
  class space    used 7573K, committed 8320K, reserved 1048576K
}
Event: 5349.778 GC heap before
{Heap before GC invocations=112 (full 3):
 PSYoungGen      total 8704K, used 8544K [0x00000000d5580000, 0x00000000d6100000, 0x0000000100000000)
  eden space 8192K, 100% used [0x00000000d5580000,0x00000000d5d80000,0x00000000d5d80000)
  from space 512K, 68% used [0x00000000d6080000,0x00000000d60d8020,0x00000000d6100000)
  to   space 512K, 0% used [0x00000000d6000000,0x00000000d6000000,0x00000000d6080000)
 ParOldGen       total 161280K, used 160792K [0x0000000080000000, 0x0000000089d80000, 0x00000000d5580000)
  object space 161280K, 99% used [0x0000000080000000,0x0000000089d06298,0x0000000089d80000)
 Metaspace       used 71673K, committed 73344K, reserved 1114112K
  class space    used 7573K, committed 8320K, reserved 1048576K
}
Event: 5349.781 GC heap after
{Heap after GC invocations=112 (full 3):
 PSYoungGen      total 8704K, used 508K [0x00000000d5580000, 0x00000000d6580000, 0x0000000100000000)
  eden space 8192K, 0% used [0x00000000d5580000,0x00000000d5580000,0x00000000d5d80000)
  from space 512K, 99% used [0x00000000d6000000,0x00000000d607f330,0x00000000d6080000)
  to   space 4096K, 0% used [0x00000000d6180000,0x00000000d6180000,0x00000000d6580000)
 ParOldGen       total 163840K, used 163459K [0x0000000080000000, 0x000000008a000000, 0x00000000d5580000)
  object space 163840K, 99% used [0x0000000080000000,0x0000000089fa0f08,0x000000008a000000)
 Metaspace       used 71673K, committed 73344K, reserved 1114112K
  class space    used 7573K, committed 8320K, reserved 1048576K
}
Event: 5352.650 GC heap before
{Heap before GC invocations=113 (full 3):
 PSYoungGen      total 8704K, used 8700K [0x00000000d5580000, 0x00000000d6580000, 0x0000000100000000)
  eden space 8192K, 100% used [0x00000000d5580000,0x00000000d5d80000,0x00000000d5d80000)
  from space 512K, 99% used [0x00000000d6000000,0x00000000d607f330,0x00000000d6080000)
  to   space 4096K, 0% used [0x00000000d6180000,0x00000000d6180000,0x00000000d6580000)
 ParOldGen       total 163840K, used 163459K [0x0000000080000000, 0x000000008a000000, 0x00000000d5580000)
  object space 163840K, 99% used [0x0000000080000000,0x0000000089fa0f08,0x000000008a000000)
 Metaspace       used 71838K, committed 73472K, reserved 1114112K
  class space    used 7585K, committed 8320K, reserved 1048576K
}
Event: 5352.652 GC heap after
{Heap after GC invocations=113 (full 3):
 PSYoungGen      total 9216K, used 832K [0x00000000d5580000, 0x00000000d6280000, 0x0000000100000000)
  eden space 8192K, 0% used [0x00000000d5580000,0x00000000d5580000,0x00000000d5d80000)
  from space 1024K, 81% used [0x00000000d6180000,0x00000000d6250000,0x00000000d6280000)
  to   space 2048K, 0% used [0x00000000d5e80000,0x00000000d5e80000,0x00000000d6080000)
 ParOldGen       total 163840K, used 163654K [0x0000000080000000, 0x000000008a000000, 0x00000000d5580000)
  object space 163840K, 99% used [0x0000000080000000,0x0000000089fd19b8,0x000000008a000000)
 Metaspace       used 71838K, committed 73472K, reserved 1114112K
  class space    used 7585K, committed 8320K, reserved 1048576K
}

